  Window.cpp
c:\users\justin\documents\visual studio 2015\projects\jte\jte\gldeclarations.h(4): fatal error C1083: Cannot open include file: 'glew.h': No such file or directory
  Transform.cpp
c:\users\justin\documents\visual studio 2015\projects\jte\jte\transform.h(2): fatal error C1083: Cannot open include file: 'Vector3.h': No such file or directory
  Time.cpp
c:\users\justin\documents\visual studio 2015\projects\jte\jte\gldeclarations.h(4): fatal error C1083: Cannot open include file: 'glew.h': No such file or directory
  Sprite.cpp
  Sphere.cpp
c:\users\justin\documents\visual studio 2015\projects\jte\jte\collisiondata.h(2): fatal error C1083: Cannot open include file: 'Vector3.h': No such file or directory
  Rigidbody3D.cpp
  Rigidbody2D.cpp
c:\users\justin\documents\visual studio 2015\projects\jte\jte\rigidbody2d.h(2): fatal error C1083: Cannot open include file: 'Vector2.h': No such file or directory
  Ray3D.cpp
c:\users\justin\documents\visual studio 2015\projects\jte\jte\collisiondata.h(2): fatal error C1083: Cannot open include file: 'Vector3.h': No such file or directory
  Ray2D.cpp
c:\users\justin\documents\visual studio 2015\projects\jte\jte\collisiondetection2d.h(2): fatal error C1083: Cannot open include file: 'Vector3.h': No such file or directory
  PlayerController.cpp
  Plane3D.cpp
c:\users\justin\documents\visual studio 2015\projects\jte\jte\collisiondata.h(2): fatal error C1083: Cannot open include file: 'Vector3.h': No such file or directory
  Plane2D.cpp
c:\users\justin\documents\visual studio 2015\projects\jte\jte\collisiondetection2d.h(2): fatal error C1083: Cannot open include file: 'Vector3.h': No such file or directory
  Model.cpp
  Lifespan.cpp
  Input.cpp
c:\users\justin\documents\visual studio 2015\projects\jte\jte\gldeclarations.h(4): fatal error C1083: Cannot open include file: 'glew.h': No such file or directory
  GLUtilities.cpp
c:\users\justin\documents\visual studio 2015\projects\jte\jte\gldeclarations.h(4): fatal error C1083: Cannot open include file: 'glew.h': No such file or directory
  AABB3D.cpp
c:\users\justin\documents\visual studio 2015\projects\jte\jte\collisiondata.h(2): fatal error C1083: Cannot open include file: 'Vector3.h': No such file or directory
  Convex3D.cpp
c:\users\justin\documents\visual studio 2015\projects\jte\jte\collisiondata.h(2): fatal error C1083: Cannot open include file: 'Vector3.h': No such file or directory
  Convex2D.cpp
c:\users\justin\documents\visual studio 2015\projects\jte\jte\collisiondata.h(2): fatal error C1083: Cannot open include file: 'Vector3.h': No such file or directory
  Collider3D.cpp
c:\users\justin\documents\visual studio 2015\projects\jte\jte\sphere.h(2): fatal error C1083: Cannot open include file: 'Vector3.h': No such file or directory
  Generating Code...
  Compiling...
  Collider2D.cpp
c:\users\justin\documents\visual studio 2015\projects\jte\jte\collisiondata.h(2): fatal error C1083: Cannot open include file: 'Vector3.h': No such file or directory
  Circle.cpp
c:\users\justin\documents\visual studio 2015\projects\jte\jte\collisiondata.h(2): fatal error C1083: Cannot open include file: 'Vector3.h': No such file or directory
  Camera.cpp
c:\users\justin\documents\visual studio 2015\projects\jte\jte\transform.h(2): fatal error C1083: Cannot open include file: 'Vector3.h': No such file or directory
  Assets.cpp
c:\users\justin\documents\visual studio 2015\projects\jte\jte\gldeclarations.h(4): fatal error C1083: Cannot open include file: 'glew.h': No such file or directory
  Animator3D.cpp
  Animator2D.cpp
  AABB2D.cpp
c:\users\justin\documents\visual studio 2015\projects\jte\jte\collisiondetection2d.h(2): fatal error C1083: Cannot open include file: 'Vector3.h': No such file or directory
  Generating Code...
